<?xml version="1.0" encoding="utf-8"?><testsuites name="pytest tests"><testsuite name="pytest" errors="0" failures="0" skipped="0" tests="46" time="3.619" timestamp="2026-09-13T18:42:06.455919+10:00" hostname="MacBook-Neo-de-Robin.local"><testcase classname="tests.test_feed" name="test_multiple_updates_are_atomic" time="0.001" /><testcase classname="tests.test_feed" name="test_tick_does_not_refresh_book_and_resolved_invalidates" time="0.000" /><testcase classname="tests.test_feed" name="test_real_local_websocket_reconnect_and_rebuild" time="2.074" /><testcase classname="tests.test_feed" name="test_bad_frame_invalidates_and_silence_times_out" time="1.004" /><testcase classname="tests.test_feed" name="test_missing_initial_snapshot_timeout" time="0.024" /><testcase classname="tests.test_feed" name="test_resolved_book_cannot_be_reactivated" time="0.002" /><testcase classname="tests.test_feed" name="test_end_to_end_observer_with_local_public_feed" time="0.378" /><testcase classname="tests.test_models" name="test_metadata_and_reversed_yes_no" time="0.001" /><testcase classname="tests.test_models" name="test_non_yes_no_not_inferred" time="0.001" /><testcase classname="tests.test_models" name="test_bad_metadata[outcomes-value0]" time="0.001" /><testcase classname="tests.test_models" name="test_bad_metadata[outcomes-value1]" time="0.001" /><testcase classname="tests.test_models" name="test_bad_metadata[clobTokenIds-value2]" time="0.000" /><testcase classname="tests.test_models" name="test_bad_metadata[clobTokenIds-value3]" time="0.001" /><testcase classname="tests.test_models" name="test_bad_metadata[active-true]" time="0.000" /><testcase classname="tests.test_models" name="test_bad_metadata[outcomes-value5]" time="0.000" /><testcase classname="tests.test_models" name="test_snapshot_sorting_exactness" time="0.000" /><testcase classname="tests.test_models" name="test_reject_bad_numbers[0.1]" time="0.000" /><testcase classname="tests.test_models" name="test_reject_bad_numbers[NaN]" time="0.000" /><testcase classname="tests.test_models" name="test_reject_bad_numbers[Infinity]" time="0.000" /><testcase classname="tests.test_models" name="test_reject_bad_numbers[-1]" time="0.000" /><testcase classname="tests.test_models" name="test_reject_bad_numbers[True]" time="0.000" /><testcase classname="tests.test_models" name="test_age_monotonic_and_staleness" time="0.000" /><testcase classname="tests.test_models" name="test_absolute_updates_removal_and_atomic_reject" time="0.000" /><testcase classname="tests.test_models" name="test_reconnect_requires_new_baseline" time="0.000" /><testcase classname="tests.test_models" name="test_out_of_order_and_identity" time="0.000" /><testcase classname="tests.test_models" name="test_invalid_snapshot_does_not_partially_mutate" time="0.001" /><testcase classname="tests.test_models" name="test_duplicate_zero_levels_rejected" time="0.001" /><testcase classname="tests.test_models" name="test_future_timestamp_rejected" time="0.000" /><testcase classname="tests.test_models" name="test_recent_receive_cannot_hide_old_source_snapshot" time="0.000" /><testcase classname="tests.test_monitor" name="test_reconciliation_match_does_not_refresh_age" time="0.006" /><testcase classname="tests.test_monitor" name="test_reconciliation_divergence_visible_and_invalidates" time="0.006" /><testcase classname="tests.test_monitor" name="test_reconciliation_never_overwrites_concurrent_update" time="0.005" /><testcase classname="tests.test_monitor" name="test_reconciliation_older_rest" time="0.003" /><testcase classname="tests.test_monitor" name="test_health_reports_incomplete_stale" time="0.003" /><testcase classname="tests.test_monitor" name="test_discovery_pagination_and_cap" time="0.003" /><testcase classname="tests.test_monitor" name="test_repeated_cursor_is_incomplete" time="0.004" /><testcase classname="tests.test_monitor" name="test_config_validation[--duration-nan]" time="0.000" /><testcase classname="tests.test_monitor" name="test_config_validation[--health-seconds-0]" time="0.001" /><testcase classname="tests.test_monitor" name="test_config_validation[--max-markets-101]" time="0.001" /><testcase classname="tests.test_monitor" name="test_config_validation[--discovery-pages--1]" time="0.000" /><testcase classname="tests.test_monitor" name="test_empty_complete_discovery_unsubscribes_old_markets" time="0.003" /><testcase classname="tests.test_monitor" name="test_partial_discovery_is_explicit" time="0.003" /><testcase classname="tests.test_read_only" name="test_network_surface_and_dependencies_are_read_only" time="0.010" /><testcase classname="tests.test_storage_api" name="test_sqlite_roundtrip_and_retention" time="0.004" /><testcase classname="tests.test_storage_api" name="test_public_routes_get_only_and_cursor" time="0.001" /><testcase classname="tests.test_storage_api" name="test_http_decimal_decode_and_no_redirects" time="0.001" /></testsuite></testsuites>